Arguments: 
  /usr/bin/node /usr/sbin/yarn

PATH: 
  /home/freitas/.serverless/bin:/home/freitas/.vscode-server/bin/e4503b30fc78200f846c62cf8091b76ff5547662/bin/remote-cli:/usr/local/sbin:/usr/local/bin:/usr/sbin:/usr/bin:/sbin:/bin:/usr/games:/usr/local/games:/usr/lib/wsl/lib:/mnt/c/Program Files (x86)/Common Files/Oracle/Java/javapath:/mnt/c/Windows/system32:/mnt/c/Windows:/mnt/c/Windows/System32/Wbem:/mnt/c/Windows/System32/WindowsPowerShell/v1.0/:/mnt/c/Windows/System32/OpenSSH/:/mnt/c/ProgramData/chocolatey/bin:/mnt/c/Program Files (x86)/Intel/Intel(R) Management Engine Components/DAL:/mnt/c/Program Files/Intel/Intel(R) Management Engine Components/DAL:/mnt/c/Program Files/dotnet/:/mnt/c/Program Files/Microsoft SQL Server/130/Tools/Binn/:/mnt/c/Program Files/Microsoft SQL Server/Client SDK/ODBC/170/Tools/Binn/:/mnt/c/Program Files/Firebird/Firebird_2_5/bin:/mnt/c/Program Files/Microsoft VS Code/bin:/mnt/c/Program Files (x86)/dotnet/:/mnt/c/Program Files/PuTTY/:/mnt/c/Users/Helder Freitas/AppData/Local/Microsoft/WindowsApps:/mnt/c/Users/Helder Freitas/.dotnet/tools:/mnt/c/Program Files/Firebird/Firebird_2_5/bin:/mnt/c/Users/Helder Freitas/AppData/Local/Programs/Microsoft VS Code/bin:/mnt/c/Users/Helder Freitas/AppData/Local/Programs/Python/Python39

Yarn version: 
  1.22.19

Node version: 
  18.3.0

Platform: 
  linux x64

Trace: 
  SyntaxError: /home/freitas/projects/Rocketseat/Ignite/NodeJS/Desafio09-Serverless/package.json: Unexpected token } in JSON at position 522
      at JSON.parse (<anonymous>)
      at /usr/lib/node_modules/yarn/lib/cli.js:1629:59
      at Generator.next (<anonymous>)
      at step (/usr/lib/node_modules/yarn/lib/cli.js:310:30)
      at /usr/lib/node_modules/yarn/lib/cli.js:321:13

npm manifest: 
  {
    "name": "desafio09-serverless",
    "version": "1.0.0",
    "description": "Serverless aws-nodejs-typescript template",
    "main": "serverless.ts",
    "scripts": {
      "dev": "serverless offline",
      "dynamodb:start": "serverless dynamodb start",
      "dynamodb:install": "serverless dynamodb install",
      "deploy": "serverless deploy --verbose"
    },
    "engines": {
      "node": ">=14.15.0"
    },
    "dependencies": {
      "@middy/core": "^2.5.3",
      "@middy/http-json-body-parser": "^2.5.3",
      "esbuild": "^0.14.11",    
    },
    "devDependencies": {
      "@serverless/typescript": "^3.0.0",
      "@types/aws-lambda": "^8.10.71",
      "@types/node": "^14.14.25",
      "@types/uuid": "^8.3.4",
      "json-schema-to-ts": "^1.5.0",
      "serverless": "^3.0.0",
      "serverless-dynamodb-local": "^0.2.40",
      "serverless-esbuild": "^1.23.3",
      "serverless-offline": "^9.3.0",
      "ts-node": "^10.4.0",
      "tsconfig-paths": "^3.9.0",
      "typescript": "^4.1.3"
    },
    "author": "The serverless webpack authors (https://github.com/elastic-coders/serverless-webpack)",
    "license": "MIT"
  }

yarn manifest: 
  No manifest

Lockfile: 
  No lockfile
